18:09:20.343359 execve("./hello", ["./hello"], 0x7ffcf9d44e68 /* 26 vars */) = 0
18:09:20.343630 arch_prctl(ARCH_SET_FS, 0x5284f0) = 0
18:09:20.343692 sched_getaffinity(0, 8192, [0]) = 8
18:09:20.343745 mmap(0xc000000000, 65536, PROT_NONE, MAP_PRIVATE|MAP_ANONYMOUS, -1, 0) = 0xc000000000
18:09:20.343773 munmap(0xc000000000, 65536) = 0
18:09:20.343820 mmap(NULL, 262144, PROT_READ|PROT_WRITE, MAP_PRIVATE|MAP_ANONYMOUS, -1, 0) = 0x7f3f55771000
18:09:20.343867 mmap(0xc420000000, 1048576, PROT_READ|PROT_WRITE, MAP_PRIVATE|MAP_ANONYMOUS, -1, 0) = 0xc420000000
18:09:20.343894 mmap(0xc41fff8000, 32768, PROT_READ|PROT_WRITE, MAP_PRIVATE|MAP_ANONYMOUS, -1, 0) = 0xc41fff8000
18:09:20.343919 mmap(0xc000000000, 4096, PROT_READ|PROT_WRITE, MAP_PRIVATE|MAP_ANONYMOUS, -1, 0) = 0xc000000000
18:09:20.343944 mmap(NULL, 65536, PROT_READ|PROT_WRITE, MAP_PRIVATE|MAP_ANONYMOUS, -1, 0) = 0x7f3f55761000
18:09:20.343993 mmap(NULL, 65536, PROT_READ|PROT_WRITE, MAP_PRIVATE|MAP_ANONYMOUS, -1, 0) = 0x7f3f55751000
18:09:20.344081 rt_sigprocmask(SIG_SETMASK, NULL, [], 8) = 0
18:09:20.344180 sigaltstack(NULL, {ss_sp=NULL, ss_flags=SS_DISABLE, ss_size=0}) = 0
18:09:20.344209 sigaltstack({ss_sp=0xc420002000, ss_flags=0, ss_size=32768}, NULL) = 0
18:09:20.344234 rt_sigprocmask(SIG_SETMASK, [], NULL, 8) = 0
18:09:20.344259 gettid()                = 26847
18:09:20.344282 rt_sigaction(SIGHUP, NULL, {sa_handler=SIG_DFL, sa_mask=[], sa_flags=0}, 8) = 0
18:09:20.344309 rt_sigaction(SIGHUP, {sa_handler=0x44f8a0, sa_mask=~[], sa_flags=SA_RESTORER|SA_ONSTACK|SA_RESTART|SA_SIGINFO, sa_restorer=0x44f9d0}, NULL, 8) = 0
18:09:20.344335 rt_sigaction(SIGINT, NULL, {sa_handler=SIG_DFL, sa_mask=[], sa_flags=0}, 8) = 0
18:09:20.344360 rt_sigaction(SIGINT, {sa_handler=0x44f8a0, sa_mask=~[], sa_flags=SA_RESTORER|SA_ONSTACK|SA_RESTART|SA_SIGINFO, sa_restorer=0x44f9d0}, NULL, 8) = 0
18:09:20.344385 rt_sigaction(SIGQUIT, NULL, {sa_handler=SIG_DFL, sa_mask=[], sa_flags=0}, 8) = 0
18:09:20.344409 rt_sigaction(SIGQUIT, {sa_handler=0x44f8a0, sa_mask=~[], sa_flags=SA_RESTORER|SA_ONSTACK|SA_RESTART|SA_SIGINFO, sa_restorer=0x44f9d0}, NULL, 8) = 0
18:09:20.344434 rt_sigaction(SIGILL, NULL, {sa_handler=SIG_DFL, sa_mask=[], sa_flags=0}, 8) = 0
18:09:20.344459 rt_sigaction(SIGILL, {sa_handler=0x44f8a0, sa_mask=~[], sa_flags=SA_RESTORER|SA_ONSTACK|SA_RESTART|SA_SIGINFO, sa_restorer=0x44f9d0}, NULL, 8) = 0
18:09:20.344484 rt_sigaction(SIGTRAP, NULL, {sa_handler=SIG_DFL, sa_mask=[], sa_flags=0}, 8) = 0
18:09:20.344509 rt_sigaction(SIGTRAP, {sa_handler=0x44f8a0, sa_mask=~[], sa_flags=SA_RESTORER|SA_ONSTACK|SA_RESTART|SA_SIGINFO, sa_restorer=0x44f9d0}, NULL, 8) = 0
18:09:20.344534 rt_sigaction(SIGABRT, NULL, {sa_handler=SIG_DFL, sa_mask=[], sa_flags=0}, 8) = 0
18:09:20.344558 rt_sigaction(SIGABRT, {sa_handler=0x44f8a0, sa_mask=~[], sa_flags=SA_RESTORER|SA_ONSTACK|SA_RESTART|SA_SIGINFO, sa_restorer=0x44f9d0}, NULL, 8) = 0
18:09:20.344583 rt_sigaction(SIGBUS, NULL, {sa_handler=SIG_DFL, sa_mask=[], sa_flags=0}, 8) = 0
18:09:20.344608 rt_sigaction(SIGBUS, {sa_handler=0x44f8a0, sa_mask=~[], sa_flags=SA_RESTORER|SA_ONSTACK|SA_RESTART|SA_SIGINFO, sa_restorer=0x44f9d0}, NULL, 8) = 0
18:09:20.344633 rt_sigaction(SIGFPE, NULL, {sa_handler=SIG_DFL, sa_mask=[], sa_flags=0}, 8) = 0
18:09:20.344657 rt_sigaction(SIGFPE, {sa_handler=0x44f8a0, sa_mask=~[], sa_flags=SA_RESTORER|SA_ONSTACK|SA_RESTART|SA_SIGINFO, sa_restorer=0x44f9d0}, NULL, 8) = 0
18:09:20.344682 rt_sigaction(SIGUSR1, NULL, {sa_handler=SIG_DFL, sa_mask=[], sa_flags=0}, 8) = 0
18:09:20.344707 rt_sigaction(SIGUSR1, {sa_handler=0x44f8a0, sa_mask=~[], sa_flags=SA_RESTORER|SA_ONSTACK|SA_RESTART|SA_SIGINFO, sa_restorer=0x44f9d0}, NULL, 8) = 0
18:09:20.344732 rt_sigaction(SIGSEGV, NULL, {sa_handler=SIG_DFL, sa_mask=[], sa_flags=0}, 8) = 0
18:09:20.344756 rt_sigaction(SIGSEGV, {sa_handler=0x44f8a0, sa_mask=~[], sa_flags=SA_RESTORER|SA_ONSTACK|SA_RESTART|SA_SIGINFO, sa_restorer=0x44f9d0}, NULL, 8) = 0
18:09:20.344781 rt_sigaction(SIGUSR2, NULL, {sa_handler=SIG_DFL, sa_mask=[], sa_flags=0}, 8) = 0
18:09:20.344806 rt_sigaction(SIGUSR2, {sa_handler=0x44f8a0, sa_mask=~[], sa_flags=SA_RESTORER|SA_ONSTACK|SA_RESTART|SA_SIGINFO, sa_restorer=0x44f9d0}, NULL, 8) = 0
18:09:20.344839 rt_sigaction(SIGPIPE, NULL, {sa_handler=SIG_DFL, sa_mask=[], sa_flags=0}, 8) = 0
18:09:20.344864 rt_sigaction(SIGPIPE, {sa_handler=0x44f8a0, sa_mask=~[], sa_flags=SA_RESTORER|SA_ONSTACK|SA_RESTART|SA_SIGINFO, sa_restorer=0x44f9d0}, NULL, 8) = 0
18:09:20.344889 rt_sigaction(SIGALRM, NULL, {sa_handler=SIG_DFL, sa_mask=[], sa_flags=0}, 8) = 0
18:09:20.344913 rt_sigaction(SIGALRM, {sa_handler=0x44f8a0, sa_mask=~[], sa_flags=SA_RESTORER|SA_ONSTACK|SA_RESTART|SA_SIGINFO, sa_restorer=0x44f9d0}, NULL, 8) = 0
18:09:20.344938 rt_sigaction(SIGTERM, NULL, {sa_handler=SIG_DFL, sa_mask=[], sa_flags=0}, 8) = 0
18:09:20.344963 rt_sigaction(SIGTERM, {sa_handler=0x44f8a0, sa_mask=~[], sa_flags=SA_RESTORER|SA_ONSTACK|SA_RESTART|SA_SIGINFO, sa_restorer=0x44f9d0}, NULL, 8) = 0
18:09:20.344988 rt_sigaction(SIGSTKFLT, NULL, {sa_handler=SIG_DFL, sa_mask=[], sa_flags=0}, 8) = 0
18:09:20.345012 rt_sigaction(SIGSTKFLT, {sa_handler=0x44f8a0, sa_mask=~[], sa_flags=SA_RESTORER|SA_ONSTACK|SA_RESTART|SA_SIGINFO, sa_restorer=0x44f9d0}, NULL, 8) = 0
18:09:20.345037 rt_sigaction(SIGCHLD, NULL, {sa_handler=SIG_DFL, sa_mask=[], sa_flags=0}, 8) = 0
18:09:20.345062 rt_sigaction(SIGCHLD, {sa_handler=0x44f8a0, sa_mask=~[], sa_flags=SA_RESTORER|SA_ONSTACK|SA_RESTART|SA_SIGINFO, sa_restorer=0x44f9d0}, NULL, 8) = 0
18:09:20.345087 rt_sigaction(SIGURG, NULL, {sa_handler=SIG_DFL, sa_mask=[], sa_flags=0}, 8) = 0
18:09:20.345111 rt_sigaction(SIGURG, {sa_handler=0x44f8a0, sa_mask=~[], sa_flags=SA_RESTORER|SA_ONSTACK|SA_RESTART|SA_SIGINFO, sa_restorer=0x44f9d0}, NULL, 8) = 0
18:09:20.345136 rt_sigaction(SIGXCPU, NULL, {sa_handler=SIG_DFL, sa_mask=[], sa_flags=0}, 8) = 0
18:09:20.345161 rt_sigaction(SIGXCPU, {sa_handler=0x44f8a0, sa_mask=~[], sa_flags=SA_RESTORER|SA_ONSTACK|SA_RESTART|SA_SIGINFO, sa_restorer=0x44f9d0}, NULL, 8) = 0
18:09:20.345186 rt_sigaction(SIGXFSZ, NULL, {sa_handler=SIG_DFL, sa_mask=[], sa_flags=0}, 8) = 0
18:09:20.345210 rt_sigaction(SIGXFSZ, {sa_handler=0x44f8a0, sa_mask=~[], sa_flags=SA_RESTORER|SA_ONSTACK|SA_RESTART|SA_SIGINFO, sa_restorer=0x44f9d0}, NULL, 8) = 0
18:09:20.345236 rt_sigaction(SIGVTALRM, NULL, {sa_handler=SIG_DFL, sa_mask=[], sa_flags=0}, 8) = 0
18:09:20.345261 rt_sigaction(SIGVTALRM, {sa_handler=0x44f8a0, sa_mask=~[], sa_flags=SA_RESTORER|SA_ONSTACK|SA_RESTART|SA_SIGINFO, sa_restorer=0x44f9d0}, NULL, 8) = 0
18:09:20.345286 rt_sigaction(SIGPROF, NULL, {sa_handler=SIG_DFL, sa_mask=[], sa_flags=0}, 8) = 0
18:09:20.345310 rt_sigaction(SIGPROF, {sa_handler=0x44f8a0, sa_mask=~[], sa_flags=SA_RESTORER|SA_ONSTACK|SA_RESTART|SA_SIGINFO, sa_restorer=0x44f9d0}, NULL, 8) = 0
18:09:20.345335 rt_sigaction(SIGWINCH, NULL, {sa_handler=SIG_DFL, sa_mask=[], sa_flags=0}, 8) = 0
18:09:20.345360 rt_sigaction(SIGWINCH, {sa_handler=0x44f8a0, sa_mask=~[], sa_flags=SA_RESTORER|SA_ONSTACK|SA_RESTART|SA_SIGINFO, sa_restorer=0x44f9d0}, NULL, 8) = 0
18:09:20.345385 rt_sigaction(SIGIO, NULL, {sa_handler=SIG_DFL, sa_mask=[], sa_flags=0}, 8) = 0
18:09:20.345409 rt_sigaction(SIGIO, {sa_handler=0x44f8a0, sa_mask=~[], sa_flags=SA_RESTORER|SA_ONSTACK|SA_RESTART|SA_SIGINFO, sa_restorer=0x44f9d0}, NULL, 8) = 0
18:09:20.345434 rt_sigaction(SIGPWR, NULL, {sa_handler=SIG_DFL, sa_mask=[], sa_flags=0}, 8) = 0
18:09:20.345459 rt_sigaction(SIGPWR, {sa_handler=0x44f8a0, sa_mask=~[], sa_flags=SA_RESTORER|SA_ONSTACK|SA_RESTART|SA_SIGINFO, sa_restorer=0x44f9d0}, NULL, 8) = 0
18:09:20.345484 rt_sigaction(SIGSYS, NULL, {sa_handler=SIG_DFL, sa_mask=[], sa_flags=0}, 8) = 0
18:09:20.345508 rt_sigaction(SIGSYS, {sa_handler=0x44f8a0, sa_mask=~[], sa_flags=SA_RESTORER|SA_ONSTACK|SA_RESTART|SA_SIGINFO, sa_restorer=0x44f9d0}, NULL, 8) = 0
18:09:20.345533 rt_sigaction(SIGRTMIN, NULL, {sa_handler=SIG_DFL, sa_mask=[], sa_flags=0}, 8) = 0
18:09:20.345558 rt_sigaction(SIGRT_1, NULL, {sa_handler=SIG_DFL, sa_mask=[], sa_flags=0}, 8) = 0
18:09:20.345583 rt_sigaction(SIGRT_2, NULL, {sa_handler=SIG_DFL, sa_mask=[], sa_flags=0}, 8) = 0
18:09:20.345607 rt_sigaction(SIGRT_2, {sa_handler=0x44f8a0, sa_mask=~[], sa_flags=SA_RESTORER|SA_ONSTACK|SA_RESTART|SA_SIGINFO, sa_restorer=0x44f9d0}, NULL, 8) = 0
18:09:20.345636 rt_sigaction(SIGRT_3, NULL, {sa_handler=SIG_DFL, sa_mask=[], sa_flags=0}, 8) = 0
18:09:20.345661 rt_sigaction(SIGRT_3, {sa_handler=0x44f8a0, sa_mask=~[], sa_flags=SA_RESTORER|SA_ONSTACK|SA_RESTART|SA_SIGINFO, sa_restorer=0x44f9d0}, NULL, 8) = 0
18:09:20.345687 rt_sigaction(SIGRT_4, NULL, {sa_handler=SIG_DFL, sa_mask=[], sa_flags=0}, 8) = 0
18:09:20.345711 rt_sigaction(SIGRT_4, {sa_handler=0x44f8a0, sa_mask=~[], sa_flags=SA_RESTORER|SA_ONSTACK|SA_RESTART|SA_SIGINFO, sa_restorer=0x44f9d0}, NULL, 8) = 0
18:09:20.345736 rt_sigaction(SIGRT_5, NULL, {sa_handler=SIG_DFL, sa_mask=[], sa_flags=0}, 8) = 0
18:09:20.345761 rt_sigaction(SIGRT_5, {sa_handler=0x44f8a0, sa_mask=~[], sa_flags=SA_RESTORER|SA_ONSTACK|SA_RESTART|SA_SIGINFO, sa_restorer=0x44f9d0}, NULL, 8) = 0
18:09:20.345786 rt_sigaction(SIGRT_6, NULL, {sa_handler=SIG_DFL, sa_mask=[], sa_flags=0}, 8) = 0
18:09:20.345811 rt_sigaction(SIGRT_6, {sa_handler=0x44f8a0, sa_mask=~[], sa_flags=SA_RESTORER|SA_ONSTACK|SA_RESTART|SA_SIGINFO, sa_restorer=0x44f9d0}, NULL, 8) = 0
18:09:20.345836 rt_sigaction(SIGRT_7, NULL, {sa_handler=SIG_DFL, sa_mask=[], sa_flags=0}, 8) = 0
18:09:20.345861 rt_sigaction(SIGRT_7, {sa_handler=0x44f8a0, sa_mask=~[], sa_flags=SA_RESTORER|SA_ONSTACK|SA_RESTART|SA_SIGINFO, sa_restorer=0x44f9d0}, NULL, 8) = 0
18:09:20.345886 rt_sigaction(SIGRT_8, NULL, {sa_handler=SIG_DFL, sa_mask=[], sa_flags=0}, 8) = 0
18:09:20.345910 rt_sigaction(SIGRT_8, {sa_handler=0x44f8a0, sa_mask=~[], sa_flags=SA_RESTORER|SA_ONSTACK|SA_RESTART|SA_SIGINFO, sa_restorer=0x44f9d0}, NULL, 8) = 0
18:09:20.345936 rt_sigaction(SIGRT_9, NULL, {sa_handler=SIG_DFL, sa_mask=[], sa_flags=0}, 8) = 0
18:09:20.345960 rt_sigaction(SIGRT_9, {sa_handler=0x44f8a0, sa_mask=~[], sa_flags=SA_RESTORER|SA_ONSTACK|SA_RESTART|SA_SIGINFO, sa_restorer=0x44f9d0}, NULL, 8) = 0
18:09:20.345986 rt_sigaction(SIGRT_10, NULL, {sa_handler=SIG_DFL, sa_mask=[], sa_flags=0}, 8) = 0
18:09:20.346010 rt_sigaction(SIGRT_10, {sa_handler=0x44f8a0, sa_mask=~[], sa_flags=SA_RESTORER|SA_ONSTACK|SA_RESTART|SA_SIGINFO, sa_restorer=0x44f9d0}, NULL, 8) = 0
18:09:20.346035 rt_sigaction(SIGRT_11, NULL, {sa_handler=SIG_DFL, sa_mask=[], sa_flags=0}, 8) = 0
18:09:20.346060 rt_sigaction(SIGRT_11, {sa_handler=0x44f8a0, sa_mask=~[], sa_flags=SA_RESTORER|SA_ONSTACK|SA_RESTART|SA_SIGINFO, sa_restorer=0x44f9d0}, NULL, 8) = 0
18:09:20.346085 rt_sigaction(SIGRT_12, NULL, {sa_handler=SIG_DFL, sa_mask=[], sa_flags=0}, 8) = 0
18:09:20.346110 rt_sigaction(SIGRT_12, {sa_handler=0x44f8a0, sa_mask=~[], sa_flags=SA_RESTORER|SA_ONSTACK|SA_RESTART|SA_SIGINFO, sa_restorer=0x44f9d0}, NULL, 8) = 0
18:09:20.346135 rt_sigaction(SIGRT_13, NULL, {sa_handler=SIG_DFL, sa_mask=[], sa_flags=0}, 8) = 0
18:09:20.346159 rt_sigaction(SIGRT_13, {sa_handler=0x44f8a0, sa_mask=~[], sa_flags=SA_RESTORER|SA_ONSTACK|SA_RESTART|SA_SIGINFO, sa_restorer=0x44f9d0}, NULL, 8) = 0
18:09:20.346185 rt_sigaction(SIGRT_14, NULL, {sa_handler=SIG_DFL, sa_mask=[], sa_flags=0}, 8) = 0
18:09:20.346209 rt_sigaction(SIGRT_14, {sa_handler=0x44f8a0, sa_mask=~[], sa_flags=SA_RESTORER|SA_ONSTACK|SA_RESTART|SA_SIGINFO, sa_restorer=0x44f9d0}, NULL, 8) = 0
18:09:20.346234 rt_sigaction(SIGRT_15, NULL, {sa_handler=SIG_DFL, sa_mask=[], sa_flags=0}, 8) = 0
18:09:20.346259 rt_sigaction(SIGRT_15, {sa_handler=0x44f8a0, sa_mask=~[], sa_flags=SA_RESTORER|SA_ONSTACK|SA_RESTART|SA_SIGINFO, sa_restorer=0x44f9d0}, NULL, 8) = 0
18:09:20.346284 rt_sigaction(SIGRT_16, NULL, {sa_handler=SIG_DFL, sa_mask=[], sa_flags=0}, 8) = 0
18:09:20.346309 rt_sigaction(SIGRT_16, {sa_handler=0x44f8a0, sa_mask=~[], sa_flags=SA_RESTORER|SA_ONSTACK|SA_RESTART|SA_SIGINFO, sa_restorer=0x44f9d0}, NULL, 8) = 0
18:09:20.346334 rt_sigaction(SIGRT_17, NULL, {sa_handler=SIG_DFL, sa_mask=[], sa_flags=0}, 8) = 0
18:09:20.346359 rt_sigaction(SIGRT_17, {sa_handler=0x44f8a0, sa_mask=~[], sa_flags=SA_RESTORER|SA_ONSTACK|SA_RESTART|SA_SIGINFO, sa_restorer=0x44f9d0}, NULL, 8) = 0
18:09:20.346384 rt_sigaction(SIGRT_18, NULL, {sa_handler=SIG_DFL, sa_mask=[], sa_flags=0}, 8) = 0
18:09:20.346412 rt_sigaction(SIGRT_18, {sa_handler=0x44f8a0, sa_mask=~[], sa_flags=SA_RESTORER|SA_ONSTACK|SA_RESTART|SA_SIGINFO, sa_restorer=0x44f9d0}, NULL, 8) = 0
18:09:20.346447 rt_sigaction(SIGRT_19, NULL, {sa_handler=SIG_DFL, sa_mask=[], sa_flags=0}, 8) = 0
18:09:20.346469 rt_sigaction(SIGRT_19, {sa_handler=0x44f8a0, sa_mask=~[], sa_flags=SA_RESTORER|SA_ONSTACK|SA_RESTART|SA_SIGINFO, sa_restorer=0x44f9d0}, NULL, 8) = 0
18:09:20.346491 rt_sigaction(SIGRT_20, NULL, {sa_handler=SIG_DFL, sa_mask=[], sa_flags=0}, 8) = 0
18:09:20.346512 rt_sigaction(SIGRT_20, {sa_handler=0x44f8a0, sa_mask=~[], sa_flags=SA_RESTORER|SA_ONSTACK|SA_RESTART|SA_SIGINFO, sa_restorer=0x44f9d0}, NULL, 8) = 0
18:09:20.346534 rt_sigaction(SIGRT_21, NULL, {sa_handler=SIG_DFL, sa_mask=[], sa_flags=0}, 8) = 0
18:09:20.346556 rt_sigaction(SIGRT_21, {sa_handler=0x44f8a0, sa_mask=~[], sa_flags=SA_RESTORER|SA_ONSTACK|SA_RESTART|SA_SIGINFO, sa_restorer=0x44f9d0}, NULL, 8) = 0
18:09:20.346578 rt_sigaction(SIGRT_22, NULL, {sa_handler=SIG_DFL, sa_mask=[], sa_flags=0}, 8) = 0
18:09:20.346599 rt_sigaction(SIGRT_22, {sa_handler=0x44f8a0, sa_mask=~[], sa_flags=SA_RESTORER|SA_ONSTACK|SA_RESTART|SA_SIGINFO, sa_restorer=0x44f9d0}, NULL, 8) = 0
18:09:20.346621 rt_sigaction(SIGRT_23, NULL, {sa_handler=SIG_DFL, sa_mask=[], sa_flags=0}, 8) = 0
18:09:20.346642 rt_sigaction(SIGRT_23, {sa_handler=0x44f8a0, sa_mask=~[], sa_flags=SA_RESTORER|SA_ONSTACK|SA_RESTART|SA_SIGINFO, sa_restorer=0x44f9d0}, NULL, 8) = 0
18:09:20.346664 rt_sigaction(SIGRT_24, NULL, {sa_handler=SIG_DFL, sa_mask=[], sa_flags=0}, 8) = 0
18:09:20.346686 rt_sigaction(SIGRT_24, {sa_handler=0x44f8a0, sa_mask=~[], sa_flags=SA_RESTORER|SA_ONSTACK|SA_RESTART|SA_SIGINFO, sa_restorer=0x44f9d0}, NULL, 8) = 0
18:09:20.346708 rt_sigaction(SIGRT_25, NULL, {sa_handler=SIG_DFL, sa_mask=[], sa_flags=0}, 8) = 0
18:09:20.346729 rt_sigaction(SIGRT_25, {sa_handler=0x44f8a0, sa_mask=~[], sa_flags=SA_RESTORER|SA_ONSTACK|SA_RESTART|SA_SIGINFO, sa_restorer=0x44f9d0}, NULL, 8) = 0
18:09:20.346751 rt_sigaction(SIGRT_26, NULL, {sa_handler=SIG_DFL, sa_mask=[], sa_flags=0}, 8) = 0
18:09:20.346772 rt_sigaction(SIGRT_26, {sa_handler=0x44f8a0, sa_mask=~[], sa_flags=SA_RESTORER|SA_ONSTACK|SA_RESTART|SA_SIGINFO, sa_restorer=0x44f9d0}, NULL, 8) = 0
18:09:20.346794 rt_sigaction(SIGRT_27, NULL, {sa_handler=SIG_DFL, sa_mask=[], sa_flags=0}, 8) = 0
18:09:20.346816 rt_sigaction(SIGRT_27, {sa_handler=0x44f8a0, sa_mask=~[], sa_flags=SA_RESTORER|SA_ONSTACK|SA_RESTART|SA_SIGINFO, sa_restorer=0x44f9d0}, NULL, 8) = 0
18:09:20.346838 rt_sigaction(SIGRT_28, NULL, {sa_handler=SIG_DFL, sa_mask=[], sa_flags=0}, 8) = 0
18:09:20.346859 rt_sigaction(SIGRT_28, {sa_handler=0x44f8a0, sa_mask=~[], sa_flags=SA_RESTORER|SA_ONSTACK|SA_RESTART|SA_SIGINFO, sa_restorer=0x44f9d0}, NULL, 8) = 0
18:09:20.346881 rt_sigaction(SIGRT_29, NULL, {sa_handler=SIG_DFL, sa_mask=[], sa_flags=0}, 8) = 0
18:09:20.346902 rt_sigaction(SIGRT_29, {sa_handler=0x44f8a0, sa_mask=~[], sa_flags=SA_RESTORER|SA_ONSTACK|SA_RESTART|SA_SIGINFO, sa_restorer=0x44f9d0}, NULL, 8) = 0
18:09:20.346924 rt_sigaction(SIGRT_30, NULL, {sa_handler=SIG_DFL, sa_mask=[], sa_flags=0}, 8) = 0
18:09:20.346946 rt_sigaction(SIGRT_30, {sa_handler=0x44f8a0, sa_mask=~[], sa_flags=SA_RESTORER|SA_ONSTACK|SA_RESTART|SA_SIGINFO, sa_restorer=0x44f9d0}, NULL, 8) = 0
18:09:20.346968 rt_sigaction(SIGRT_31, NULL, {sa_handler=SIG_DFL, sa_mask=[], sa_flags=0}, 8) = 0
18:09:20.346989 rt_sigaction(SIGRT_31, {sa_handler=0x44f8a0, sa_mask=~[], sa_flags=SA_RESTORER|SA_ONSTACK|SA_RESTART|SA_SIGINFO, sa_restorer=0x44f9d0}, NULL, 8) = 0
18:09:20.347011 rt_sigaction(SIGRT_32, NULL, {sa_handler=SIG_DFL, sa_mask=[], sa_flags=0}, 8) = 0
18:09:20.347033 rt_sigaction(SIGRT_32, {sa_handler=0x44f8a0, sa_mask=~[], sa_flags=SA_RESTORER|SA_ONSTACK|SA_RESTART|SA_SIGINFO, sa_restorer=0x44f9d0}, NULL, 8) = 0
18:09:20.347072 rt_sigprocmask(SIG_SETMASK, ~[], [], 8) = 0
18:09:20.347095 clone(child_stack=0xc420044000, flags=CLONE_VM|CLONE_FS|CLONE_FILES|CLONE_SIGHAND|CLONE_THREAD|CLONE_SYSVSEM) = 26848
18:09:20.347162 rt_sigprocmask(SIG_SETMASK, [], NULL, 8) = 0
18:09:20.347242 rt_sigprocmask(SIG_SETMASK, ~[], [], 8) = 0
18:09:20.347267 clone(child_stack=0xc420040000, flags=CLONE_VM|CLONE_FS|CLONE_FILES|CLONE_SIGHAND|CLONE_THREAD|CLONE_SYSVSEM) = 26849
18:09:20.347307 rt_sigprocmask(SIG_SETMASK, [], NULL, 8) = 0
18:09:20.347329 futex(0x5285a8, FUTEX_WAIT, 0, NULL) = 0
18:09:20.347410 readlinkat(AT_FDCWD, "/proc/self/exe", "/home/kkk777/go/hello", 128) = 21
18:09:20.347468 mmap(NULL, 262144, PROT_READ|PROT_WRITE, MAP_PRIVATE|MAP_ANONYMOUS, -1, 0) = 0x7f3f55711000
18:09:20.347555 write(1, "hello world\n", 12) = 12
18:09:20.347654 exit_group(0)           = ?
18:09:20.347769 +++ exited with 0 +++
